<?xml version="1.0" encoding="UTF-8"?>
<!-- Generated by org.testng.reporters.JUnitReportReporter -->
<testsuite hostname="DESKTOP-RSROOUO" failures="0" tests="2" name="testCases.ShoppingCartTests" time="16.723" errors="0" timestamp="2023-04-06T14:40:57 CEST" skipped="0">
  <testcase classname="testCases.ShoppingCartTests" name="addingToCartWithoutAnyFieldsFilledTest" time="6.099"/>
  <system-out/>
  <testcase classname="testCases.ShoppingCartTests" name="addingToCartWithAllMandatoryFieldsFilledTest" time="10.624"/>
  <system-out/>
</testsuite> <!-- testCases.ShoppingCartTests -->
