<?xml version="1.0" encoding="UTF-8"?>
<!-- Generated by org.testng.reporters.JUnitReportReporter -->
<testsuite hostname="DESKTOP-RSROOUO" failures="0" tests="1" name="testCases.ProductReviewTC" time="3.594" errors="0" timestamp="2023-01-10T19:58:14 CET" skipped="0">
  <testcase classname="testCases.ProductReviewTC" name="productReview" time="3.594"/>
  <system-out/>
</testsuite> <!-- testCases.ProductReviewTC -->
