<?xml version="1.0" encoding="UTF-8"?>
<!-- Generated by org.testng.reporters.JUnitReportReporter -->
<testsuite hostname="DESKTOP-RSROOUO" failures="0" tests="1" name="testCases.AddingItemToShoppingCartTC" time="4.568" errors="0" timestamp="2023-01-10T19:55:22 CET" skipped="0">
  <testcase classname="testCases.AddingItemToShoppingCartTC" name="addingItemToShoppingCart" time="4.568"/>
  <system-out/>
</testsuite> <!-- testCases.AddingItemToShoppingCartTC -->
