<?xml version="1.0" encoding="UTF-8"?>
<!-- Generated by org.testng.reporters.JUnitReportReporter -->
<testsuite hostname="DESKTOP-RSROOUO" failures="0" tests="1" name="testCases.SignInTC" time="2.766" errors="0" timestamp="2023-01-10T19:55:22 CET" skipped="0">
  <testcase classname="testCases.SignInTC" name="signIn" time="2.766"/>
  <system-out/>
</testsuite> <!-- testCases.SignInTC -->
