<?xml version="1.0" encoding="UTF-8"?>
<!-- Generated by org.testng.reporters.JUnitReportReporter -->
<testsuite hostname="DESKTOP-RSROOUO" failures="0" tests="1" name="testCases.RegistrationTests" time="8.049" errors="0" timestamp="2023-04-06T14:26:54 CEST" skipped="0">
  <testcase classname="testCases.RegistrationTests" name="passwordLengthValidationTest" time="8.049"/>
  <system-out/>
</testsuite> <!-- testCases.RegistrationTests -->
