<?xml version="1.0" encoding="UTF-8"?>
<!-- Generated by org.testng.reporters.JUnitReportReporter -->
<testsuite hostname="DESKTOP-RSROOUO" failures="0" tests="3" name="testCases.ProductComparisonTests" time="28.195" errors="0" timestamp="2023-04-06T11:46:55 CEST" skipped="0">
  <testcase classname="testCases.ProductComparisonTests" name="addingProductToComparisonListAndViewingFromConfirmationMessageLinkTest" time="8.311"/>
  <system-out/>
  <testcase classname="testCases.ProductComparisonTests" name="addingProductToComparisonListAndViewingFromHeaderLinkTest" time="9.573"/>
  <system-out/>
  <testcase classname="testCases.ProductComparisonTests" name="removeProductFromComparisonListTest" time="10.311"/>
  <system-out/>
</testsuite> <!-- testCases.ProductComparisonTests -->
