<?xml version="1.0" encoding="UTF-8"?>
<!-- Generated by org.testng.reporters.JUnitReportReporter -->
<testsuite hostname="DESKTOP-RSROOUO" failures="0" tests="2" name="testCases.ProductReviewTests" time="14.496" errors="0" timestamp="2023-04-06T14:00:26 CEST" skipped="0">
  <testcase classname="testCases.ProductReviewTests" name="leavingAReviewWithoutAnyFieldsFilledTest" time="5.837"/>
  <system-out/>
  <testcase classname="testCases.ProductReviewTests" name="leavingAReviewWithAllMandatoryFieldsFilledTest" time="8.659"/>
  <system-out/>
</testsuite> <!-- testCases.ProductReviewTests -->
